Build started 26-10-2014 00:19:23.
     1>Project "C:\Users\Krishna\Documents\Visual Studio 2013\Projects\OpenCvProject\OpenCvProject\OpenCvProject.vcxproj" on node 2 (Build target(s)).
     1>ClCompile:
         C:\Program Files (x86)\Microsoft Visual Studio 12.0\VC\bin\CL.exe /c /IC:\Users\Krishna\Downloads\Programs\Opencv_vs_2013\opencv\build\include /ZI /nologo /W3 /WX- /Od /Oy- /D WIN32 /D _DEBUG /D _CONSOLE /D _LIB /D _UNICODE /D UNICODE /Gm /EHsc /RTC1 /MDd /GS /fp:precise /Zc:wchar_t /Zc:forScope /Fo"Debug\\" /Fd"Debug\vc120.pdb" /Gd /TP /analyze- /errorReport:prompt main.cpp
         main.cpp
     1>c:\users\krishna\downloads\programs\opencv_vs_2013\opencv\build\include\opencv2\flann\logger.h(66): warning C4996: 'fopen': This function or variable may be unsafe. Consider using fopen_s instead. To disable deprecation, use _CRT_SECURE_NO_WARNINGS. See online help for details.
                 c:\program files (x86)\microsoft visual studio 12.0\vc\include\stdio.h(211) : see declaration of 'fopen'
     1>c:\users\krishna\documents\visual studio 2013\projects\opencvproject\opencvproject\myfunctionsndata.h(75): warning C4244: 'argument' : conversion from 'double' to 'int', possible loss of data
     1>c:\users\krishna\documents\visual studio 2013\projects\opencvproject\opencvproject\myfunctionsndata.h(184): warning C4018: '<' : signed/unsigned mismatch
     1>c:\users\krishna\documents\visual studio 2013\projects\opencvproject\opencvproject\myfunctionsndata.h(201): warning C4018: '<' : signed/unsigned mismatch
     1>c:\users\krishna\documents\visual studio 2013\projects\opencvproject\opencvproject\myfunctionsndata.h(203): warning C4244: 'argument' : conversion from 'double' to 'float', possible loss of data
     1>c:\users\krishna\documents\visual studio 2013\projects\opencvproject\opencvproject\myfunctionsndata.h(177): warning C4101: 'Fingers' : unreferenced local variable
     1>c:\users\krishna\documents\visual studio 2013\projects\opencvproject\opencvproject\myfunctionsndata.h(486): warning C4018: '<' : signed/unsigned mismatch
     1>c:\users\krishna\documents\visual studio 2013\projects\opencvproject\opencvproject\myfunctionsndata.h(523): warning C4244: 'return' : conversion from 'double' to 'float', possible loss of data
     1>c:\users\krishna\documents\visual studio 2013\projects\opencvproject\opencvproject\myfunctionsndata.h(535): warning C4244: 'argument' : conversion from 'float' to 'int', possible loss of data
     1>c:\users\krishna\documents\visual studio 2013\projects\opencvproject\opencvproject\myfunctionsndata.h(538): warning C4244: 'argument' : conversion from 'float' to 'int', possible loss of data
     1>c:\users\krishna\documents\visual studio 2013\projects\opencvproject\opencvproject\myfunctionsndata.h(570): warning C4244: '=' : conversion from 'int' to 'float', possible loss of data
     1>c:\users\krishna\documents\visual studio 2013\projects\opencvproject\opencvproject\myfunctionsndata.h(618): warning C4244: 'argument' : conversion from 'const float' to 'int', possible loss of data
     1>c:\users\krishna\documents\visual studio 2013\projects\opencvproject\opencvproject\myfunctionsndata.h(707): warning C4244: '=' : conversion from 'double' to 'float', possible loss of data
       Link:
         C:\Program Files (x86)\Microsoft Visual Studio 12.0\VC\bin\link.exe /ERRORREPORT:PROMPT /OUT:"C:\Users\Krishna\Documents\Visual Studio 2013\Projects\OpenCvProject\Debug\OpenCvProject.exe" /INCREMENTAL /NOLOGO /LIBPATH:C:\Users\Krishna\Downloads\Programs\Opencv_vs_2013\opencv\build\x86\vc12\lib opencv_calib3d249d.lib opencv_contrib249d.lib opencv_core249d.lib opencv_features2d249d.lib opencv_flann249d.lib opencv_gpu249d.lib opencv_highgui249d.lib opencv_imgproc249d.lib opencv_legacy249d.lib opencv_ml249d.lib opencv_nonfree249d.lib opencv_objdetect249d.lib opencv_photo249d.lib opencv_stitching249d.lib opencv_superres249d.lib opencv_ts249d.lib opencv_video249d.lib opencv_videostab249d.lib kernel32.lib user32.lib gdi32.lib winspool.lib comdlg32.lib advapi32.lib shell32.lib ole32.lib oleaut32.lib uuid.lib odbc32.lib odbccp32.lib /MANIFEST /MANIFESTUAC:"level='asInvoker' uiAccess='false'" /manifest:embed /DEBUG /PDB:"C:\Users\Krishna\Documents\Visual Studio 2013\Projects\OpenCvProject\Debug\OpenCvProject.pdb" /SUBSYSTEM:CONSOLE /TLBID:1 /DYNAMICBASE /NXCOMPAT /IMPLIB:"C:\Users\Krishna\Documents\Visual Studio 2013\Projects\OpenCvProject\Debug\OpenCvProject.lib" /MACHINE:X86 Debug\main.obj
         OpenCvProject.vcxproj -> C:\Users\Krishna\Documents\Visual Studio 2013\Projects\OpenCvProject\Debug\OpenCvProject.exe
     1>Done Building Project "C:\Users\Krishna\Documents\Visual Studio 2013\Projects\OpenCvProject\OpenCvProject\OpenCvProject.vcxproj" (Build target(s)).

Build succeeded.

Time Elapsed 00:00:07.83
